DiveHubAndroid/app/build/intermediates/manifest_merge_blame_file/debug/processDebugMainManifest/manifest-merger-blame-debug-report.txt
1<?xml version="1.0" encoding="utf-8"?>
2<manifest xmlns:android="http://schemas.android.com/apk/res/android"
3    package="com.divehub.app"
4    android:versionCode="1"
5    android:versionName="1.0.0" >
6
7    <uses-sdk
8        android:minSdkVersion="26"
9        android:targetSdkVersion="35" />
10
11    <uses-permission android:name="android.permission.INTERNET" />
11-->src/main/AndroidManifest.xml:4:5-67
11-->src/main/AndroidManifest.xml:4:22-64
12    <uses-permission android:name="android.permission.POST_NOTIFICATIONS" />
12-->src/main/AndroidManifest.xml:5:5-77
12-->src/main/AndroidManifest.xml:5:22-74
13    <uses-permission android:name="android.permission.ACCESS_COARSE_LOCATION" />
13-->src/main/AndroidManifest.xml:6:5-81
13-->src/main/AndroidManifest.xml:6:22-78
14    <uses-permission android:name="android.permission.ACCESS_FINE_LOCATION" />
14-->src/main/AndroidManifest.xml:7:5-79
14-->src/main/AndroidManifest.xml:7:22-76
15    <uses-permission android:name="android.permission.ACCESS_NETWORK_STATE" />
15-->[com.google.firebase:firebase-messaging:24.1.0] AndroidManifest.xml:22:5-79
15-->[com.google.firebase:firebase-messaging:24.1.0] AndroidManifest.xml:22:22-76
16    <uses-permission android:name="android.permission.WAKE_LOCK" /> <!-- Required by older versions of Google Play services to create IID tokens -->
16-->[com.google.firebase:firebase-messaging:24.1.0] AndroidManifest.xml:24:5-68
16-->[com.google.firebase:firebase-messaging:24.1.0] AndroidManifest.xml:24:22-65
17    <uses-permission android:name="com.google.android.c2dm.permission.RECEIVE" />
17-->[com.google.firebase:firebase-messaging:24.1.0] AndroidManifest.xml:26:5-82
17-->[com.google.firebase:firebase-messaging:24.1.0] AndroidManifest.xml:26:22-79
18
19    <permission
19-->[androidx.core:core:1.15.0] AndroidManifest.xml:22:5-24:47
20        android:name="com.divehub.app.DYNAMIC_RECEIVER_NOT_EXPORTED_PERMISSION"
20-->[androidx.core:core:1.15.0] AndroidManifest.xml:23:9-81
21        android:protectionLevel="signature" />
21-->[androidx.core:core:1.15.0] AndroidManifest.xml:24:9-44
22
23    <uses-permission android:name="com.divehub.app.DYNAMIC_RECEIVER_NOT_EXPORTED_PERMISSION" />
23-->[androidx.core:core:1.15.0] AndroidManifest.xml:26:5-97
23-->[androidx.core:core:1.15.0] AndroidManifest.xml:26:22-94
24
25    <supports-screens
25-->[org.osmdroid:osmdroid-android:6.1.18] AndroidManifest.xml:9:5-12:40
26        android:anyDensity="true"
26-->[org.osmdroid:osmdroid-android:6.1.18] AndroidManifest.xml:10:9-34
27        android:largeScreens="true"
27-->[org.osmdroid:osmdroid-android:6.1.18] AndroidManifest.xml:11:9-36
28        android:normalScreens="true" />
28-->[org.osmdroid:osmdroid-android:6.1.18] AndroidManifest.xml:12:9-37
29
30    <uses-feature
30-->[org.osmdroid:osmdroid-android:6.1.18] AndroidManifest.xml:14:5-16:36
31        android:name="android.hardware.location.network"
31-->[org.osmdroid:osmdroid-android:6.1.18] AndroidManifest.xml:15:9-57
32        android:required="false" />
32-->[org.osmdroid:osmdroid-android:6.1.18] AndroidManifest.xml:16:9-33
33    <uses-feature
33-->[org.osmdroid:osmdroid-android:6.1.18] AndroidManifest.xml:17:5-19:36
34        android:name="android.hardware.location.gps"
34-->[org.osmdroid:osmdroid-android:6.1.18] AndroidManifest.xml:18:9-53
35        android:required="false" />
35-->[org.osmdroid:osmdroid-android:6.1.18] AndroidManifest.xml:19:9-33
36    <uses-feature
36-->[org.osmdroid:osmdroid-android:6.1.18] AndroidManifest.xml:20:5-22:36
37        android:name="android.hardware.telephony"
37-->[org.osmdroid:osmdroid-android:6.1.18] AndroidManifest.xml:21:9-50
38        android:required="false" />
38-->[org.osmdroid:osmdroid-android:6.1.18] AndroidManifest.xml:22:9-33
39    <uses-feature
39-->[org.osmdroid:osmdroid-android:6.1.18] AndroidManifest.xml:23:5-25:36
40        android:name="android.hardware.wifi"
40-->[org.osmdroid:osmdroid-android:6.1.18] AndroidManifest.xml:24:9-45
41        android:required="false" />
41-->[org.osmdroid:osmdroid-android:6.1.18] AndroidManifest.xml:25:9-33
42
43    <application
44        android:name="com.divehub.app.DiveHubApp"
44-->src/main/AndroidManifest.xml:10:9-35
45        android:allowBackup="true"
45-->src/main/AndroidManifest.xml:11:9-35
46        android:appComponentFactory="androidx.core.app.CoreComponentFactory"
46-->[androidx.core:core:1.15.0] AndroidManifest.xml:28:18-86
47        android:debuggable="true"
48        android:extractNativeLibs="false"
49        android:icon="@mipmap/ic_launcher"
49-->src/main/AndroidManifest.xml:12:9-43
50        android:label="@string/app_name"
50-->src/main/AndroidManifest.xml:13:9-41
51        android:networkSecurityConfig="@xml/network_security_config"
51-->src/main/AndroidManifest.xml:18:9-69
52        android:roundIcon="@mipmap/ic_launcher"
52-->src/main/AndroidManifest.xml:14:9-48
53        android:supportsRtl="true"
53-->src/main/AndroidManifest.xml:15:9-35
54        android:theme="@style/Theme.DiveHub"
54-->src/main/AndroidManifest.xml:16:9-45
55        android:usesCleartextTraffic="true" >
55-->src/main/AndroidManifest.xml:17:9-63
56        <activity
56-->src/main/AndroidManifest.xml:19:9-34:20
57            android:name="com.divehub.app.MainActivity"
57-->src/main/AndroidManifest.xml:20:13-41
58            android:exported="true"
58-->src/main/AndroidManifest.xml:21:13-36
59            android:launchMode="singleTop"
59-->src/main/AndroidManifest.xml:22:13-43
60            android:theme="@style/Theme.DiveHub" >
60-->src/main/AndroidManifest.xml:23:13-49
61            <intent-filter>
61-->src/main/AndroidManifest.xml:24:13-27:29
62                <action android:name="android.intent.action.MAIN" />
62-->src/main/AndroidManifest.xml:25:17-69
62-->src/main/AndroidManifest.xml:25:25-66
63
64                <category android:name="android.intent.category.LAUNCHER" />
64-->src/main/AndroidManifest.xml:26:17-77
64-->src/main/AndroidManifest.xml:26:27-74
65            </intent-filter>
66            <intent-filter>
66-->src/main/AndroidManifest.xml:28:13-33:29
67                <action android:name="android.intent.action.VIEW" />
67-->src/main/AndroidManifest.xml:29:17-69
67-->src/main/AndroidManifest.xml:29:25-66
68
69                <category android:name="android.intent.category.DEFAULT" />
69-->src/main/AndroidManifest.xml:30:17-76
69-->src/main/AndroidManifest.xml:30:27-73
70                <category android:name="android.intent.category.BROWSABLE" />
70-->src/main/AndroidManifest.xml:31:17-78
70-->src/main/AndroidManifest.xml:31:27-75
71
72                <data android:scheme="divehub" />
72-->src/main/AndroidManifest.xml:32:17-50
72-->src/main/AndroidManifest.xml:32:23-47
73            </intent-filter>
74        </activity>
75
76        <service
76-->src/main/AndroidManifest.xml:36:9-42:19
77            android:name="com.divehub.app.push.DiveHubFirebaseMessagingService"
77-->src/main/AndroidManifest.xml:37:13-65
78            android:exported="false" >
78-->src/main/AndroidManifest.xml:38:13-37
79            <intent-filter>
79-->src/main/AndroidManifest.xml:39:13-41:29
80                <action android:name="com.google.firebase.MESSAGING_EVENT" />
80-->src/main/AndroidManifest.xml:40:17-78
80-->src/main/AndroidManifest.xml:40:25-75
81            </intent-filter>
82        </service>
83
84        <activity
84-->[androidx.compose.ui:ui-tooling-android:1.7.6] AndroidManifest.xml:23:9-25:39
85            android:name="androidx.compose.ui.tooling.PreviewActivity"
85-->[androidx.compose.ui:ui-tooling-android:1.7.6] AndroidManifest.xml:24:13-71
86            android:exported="true" />
86-->[androidx.compose.ui:ui-tooling-android:1.7.6] AndroidManifest.xml:25:13-36
87        <activity
87-->[androidx.compose.ui:ui-test-manifest:1.7.6] AndroidManifest.xml:23:9-25:39
88            android:name="androidx.activity.ComponentActivity"
88-->[androidx.compose.ui:ui-test-manifest:1.7.6] AndroidManifest.xml:24:13-63
89            android:exported="true" />
89-->[androidx.compose.ui:ui-test-manifest:1.7.6] AndroidManifest.xml:25:13-36
90
91        <service
91-->[com.google.firebase:firebase-messaging-ktx:24.1.0] AndroidManifest.xml:23:9-29:19
92            android:name="com.google.firebase.components.ComponentDiscoveryService"
92-->[com.google.firebase:firebase-messaging-ktx:24.1.0] AndroidManifest.xml:24:13-84
93            android:directBootAware="true"
93-->[com.google.firebase:firebase-common:21.0.0] AndroidManifest.xml:32:13-43
94            android:exported="false" >
94-->[com.google.firebase:firebase-messaging-ktx:24.1.0] AndroidManifest.xml:25:13-37
95            <meta-data
95-->[com.google.firebase:firebase-messaging-ktx:24.1.0] AndroidManifest.xml:26:13-28:85
96                android:name="com.google.firebase.components:com.google.firebase.messaging.ktx.FirebaseMessagingLegacyRegistrar"
96-->[com.google.firebase:firebase-messaging-ktx:24.1.0] AndroidManifest.xml:27:17-129
97                android:value="com.google.firebase.components.ComponentRegistrar" />
97-->[com.google.firebase:firebase-messaging-ktx:24.1.0] AndroidManifest.xml:28:17-82
98            <meta-data
98-->[com.google.firebase:firebase-messaging:24.1.0] AndroidManifest.xml:57:13-59:85
99                android:name="com.google.firebase.components:com.google.firebase.messaging.FirebaseMessagingKtxRegistrar"
99-->[com.google.firebase:firebase-messaging:24.1.0] AndroidManifest.xml:58:17-122
100                android:value="com.google.firebase.components.ComponentRegistrar" />
100-->[com.google.firebase:firebase-messaging:24.1.0] AndroidManifest.xml:59:17-82
101            <meta-data
101-->[com.google.firebase:firebase-messaging:24.1.0] AndroidManifest.xml:60:13-62:85
102                android:name="com.google.firebase.components:com.google.firebase.messaging.FirebaseMessagingRegistrar"
102-->[com.google.firebase:firebase-messaging:24.1.0] AndroidManifest.xml:61:17-119
103                android:value="com.google.firebase.components.ComponentRegistrar" />
103-->[com.google.firebase:firebase-messaging:24.1.0] AndroidManifest.xml:62:17-82
104            <meta-data
104-->[com.google.firebase:firebase-installations:18.0.0] AndroidManifest.xml:15:13-17:85
105                android:name="com.google.firebase.components:com.google.firebase.installations.FirebaseInstallationsKtxRegistrar"
105-->[com.google.firebase:firebase-installations:18.0.0] AndroidManifest.xml:16:17-130
106                android:value="com.google.firebase.components.ComponentRegistrar" />
106-->[com.google.firebase:firebase-installations:18.0.0] AndroidManifest.xml:17:17-82
107            <meta-data
107-->[com.google.firebase:firebase-installations:18.0.0] AndroidManifest.xml:18:13-20:85
108                android:name="com.google.firebase.components:com.google.firebase.installations.FirebaseInstallationsRegistrar"
108-->[com.google.firebase:firebase-installations:18.0.0] AndroidManifest.xml:19:17-127
109                android:value="com.google.firebase.components.ComponentRegistrar" />
109-->[com.google.firebase:firebase-installations:18.0.0] AndroidManifest.xml:20:17-82
110            <meta-data
110-->[com.google.firebase:firebase-common-ktx:21.0.0] AndroidManifest.xml:12:13-14:85
111                android:name="com.google.firebase.components:com.google.firebase.ktx.FirebaseCommonLegacyRegistrar"
111-->[com.google.firebase:firebase-common-ktx:21.0.0] AndroidManifest.xml:13:17-116
112                android:value="com.google.firebase.components.ComponentRegistrar" />
112-->[com.google.firebase:firebase-common-ktx:21.0.0] AndroidManifest.xml:14:17-82
113            <meta-data
113-->[com.google.firebase:firebase-common:21.0.0] AndroidManifest.xml:35:13-37:85
114                android:name="com.google.firebase.components:com.google.firebase.FirebaseCommonKtxRegistrar"
114-->[com.google.firebase:firebase-common:21.0.0] AndroidManifest.xml:36:17-109
115                android:value="com.google.firebase.components.ComponentRegistrar" />
115-->[com.google.firebase:firebase-common:21.0.0] AndroidManifest.xml:37:17-82
116            <meta-data
116-->[com.google.firebase:firebase-datatransport:18.2.0] AndroidManifest.xml:25:13-27:85
117                android:name="com.google.firebase.components:com.google.firebase.datatransport.TransportRegistrar"
117-->[com.google.firebase:firebase-datatransport:18.2.0] AndroidManifest.xml:26:17-115
118                android:value="com.google.firebase.components.ComponentRegistrar" />
118-->[com.google.firebase:firebase-datatransport:18.2.0] AndroidManifest.xml:27:17-82
119        </service>
120
121        <receiver
121-->[com.google.firebase:firebase-messaging:24.1.0] AndroidManifest.xml:29:9-40:20
122            android:name="com.google.firebase.iid.FirebaseInstanceIdReceiver"
122-->[com.google.firebase:firebase-messaging:24.1.0] AndroidManifest.xml:30:13-78
123            android:exported="true"
123-->[com.google.firebase:firebase-messaging:24.1.0] AndroidManifest.xml:31:13-36
124            android:permission="com.google.android.c2dm.permission.SEND" >
124-->[com.google.firebase:firebase-messaging:24.1.0] AndroidManifest.xml:32:13-73
125            <intent-filter>
125-->[com.google.firebase:firebase-messaging:24.1.0] AndroidManifest.xml:33:13-35:29
126                <action android:name="com.google.android.c2dm.intent.RECEIVE" />
126-->[com.google.firebase:firebase-messaging:24.1.0] AndroidManifest.xml:34:17-81
126-->[com.google.firebase:firebase-messaging:24.1.0] AndroidManifest.xml:34:25-78
127            </intent-filter>
128
129            <meta-data
129-->[com.google.firebase:firebase-messaging:24.1.0] AndroidManifest.xml:37:13-39:40
130                android:name="com.google.android.gms.cloudmessaging.FINISHED_AFTER_HANDLED"
130-->[com.google.firebase:firebase-messaging:24.1.0] AndroidManifest.xml:38:17-92
131                android:value="true" />
131-->[com.google.firebase:firebase-messaging:24.1.0] AndroidManifest.xml:39:17-37
132        </receiver>
133        <!--
134             FirebaseMessagingService performs security checks at runtime,
135             but set to not exported to explicitly avoid allowing another app to call it.
136        -->
137        <service
137-->[com.google.firebase:firebase-messaging:24.1.0] AndroidManifest.xml:46:9-53:19
138            android:name="com.google.firebase.messaging.FirebaseMessagingService"
138-->[com.google.firebase:firebase-messaging:24.1.0] AndroidManifest.xml:47:13-82
139            android:directBootAware="true"
139-->[com.google.firebase:firebase-messaging:24.1.0] AndroidManifest.xml:48:13-43
140            android:exported="false" >
140-->[com.google.firebase:firebase-messaging:24.1.0] AndroidManifest.xml:49:13-37
141            <intent-filter android:priority="-500" >
141-->src/main/AndroidManifest.xml:39:13-41:29
142                <action android:name="com.google.firebase.MESSAGING_EVENT" />
142-->src/main/AndroidManifest.xml:40:17-78
142-->src/main/AndroidManifest.xml:40:25-75
143            </intent-filter>
144        </service>
145
146        <activity
146-->[com.google.android.gms:play-services-base:18.0.1] AndroidManifest.xml:20:9-22:45
147            android:name="com.google.android.gms.common.api.GoogleApiActivity"
147-->[com.google.android.gms:play-services-base:18.0.1] AndroidManifest.xml:20:19-85
148            android:exported="false"
148-->[com.google.android.gms:play-services-base:18.0.1] AndroidManifest.xml:22:19-43
149            android:theme="@android:style/Theme.Translucent.NoTitleBar" />
149-->[com.google.android.gms:play-services-base:18.0.1] AndroidManifest.xml:21:19-78
150
151        <provider
151-->[com.google.firebase:firebase-common:21.0.0] AndroidManifest.xml:23:9-28:39
152            android:name="com.google.firebase.provider.FirebaseInitProvider"
152-->[com.google.firebase:firebase-common:21.0.0] AndroidManifest.xml:24:13-77
153            android:authorities="com.divehub.app.firebaseinitprovider"
153-->[com.google.firebase:firebase-common:21.0.0] AndroidManifest.xml:25:13-72
154            android:directBootAware="true"
154-->[com.google.firebase:firebase-common:21.0.0] AndroidManifest.xml:26:13-43
155            android:exported="false"
155-->[com.google.firebase:firebase-common:21.0.0] AndroidManifest.xml:27:13-37
156            android:initOrder="100" />
156-->[com.google.firebase:firebase-common:21.0.0] AndroidManifest.xml:28:13-36
157        <provider
157-->[androidx.lifecycle:lifecycle-process:2.8.7] AndroidManifest.xml:24:9-32:20
158            android:name="androidx.startup.InitializationProvider"
158-->[androidx.lifecycle:lifecycle-process:2.8.7] AndroidManifest.xml:25:13-67
159            android:authorities="com.divehub.app.androidx-startup"
159-->[androidx.lifecycle:lifecycle-process:2.8.7] AndroidManifest.xml:26:13-68
160            android:exported="false" >
160-->[androidx.lifecycle:lifecycle-process:2.8.7] AndroidManifest.xml:27:13-37
161            <meta-data
161-->[androidx.lifecycle:lifecycle-process:2.8.7] AndroidManifest.xml:29:13-31:52
162                android:name="androidx.lifecycle.ProcessLifecycleInitializer"
162-->[androidx.lifecycle:lifecycle-process:2.8.7] AndroidManifest.xml:30:17-78
163                android:value="androidx.startup" />
163-->[androidx.lifecycle:lifecycle-process:2.8.7] AndroidManifest.xml:31:17-49
164            <meta-data
164-->[androidx.emoji2:emoji2:1.3.0] AndroidManifest.xml:29:13-31:52
165                android:name="androidx.emoji2.text.EmojiCompatInitializer"
165-->[androidx.emoji2:emoji2:1.3.0] AndroidManifest.xml:30:17-75
166                android:value="androidx.startup" />
166-->[androidx.emoji2:emoji2:1.3.0] AndroidManifest.xml:31:17-49
167            <meta-data
167-->[androidx.profileinstaller:profileinstaller:1.3.1] AndroidManifest.xml:29:13-31:52
168                android:name="androidx.profileinstaller.ProfileInstallerInitializer"
168-->[androidx.profileinstaller:profileinstaller:1.3.1] AndroidManifest.xml:30:17-85
169                android:value="androidx.startup" />
169-->[androidx.profileinstaller:profileinstaller:1.3.1] AndroidManifest.xml:31:17-49
170        </provider>
171
172        <meta-data
172-->[com.google.android.gms:play-services-basement:18.3.0] AndroidManifest.xml:21:9-23:69
173            android:name="com.google.android.gms.version"
173-->[com.google.android.gms:play-services-basement:18.3.0] AndroidManifest.xml:22:13-58
174            android:value="@integer/google_play_services_version" />
174-->[com.google.android.gms:play-services-basement:18.3.0] AndroidManifest.xml:23:13-66
175
176        <receiver
176-->[androidx.profileinstaller:profileinstaller:1.3.1] AndroidManifest.xml:34:9-52:20
177            android:name="androidx.profileinstaller.ProfileInstallReceiver"
177-->[androidx.profileinstaller:profileinstaller:1.3.1] AndroidManifest.xml:35:13-76
178            android:directBootAware="false"
178-->[androidx.profileinstaller:profileinstaller:1.3.1] AndroidManifest.xml:36:13-44
179            android:enabled="true"
179-->[androidx.profileinstaller:profileinstaller:1.3.1] AndroidManifest.xml:37:13-35
180            android:exported="true"
180-->[androidx.profileinstaller:profileinstaller:1.3.1] AndroidManifest.xml:38:13-36
181            android:permission="android.permission.DUMP" >
181-->[androidx.profileinstaller:profileinstaller:1.3.1] AndroidManifest.xml:39:13-57
182            <intent-filter>
182-->[androidx.profileinstaller:profileinstaller:1.3.1] AndroidManifest.xml:40:13-42:29
183                <action android:name="androidx.profileinstaller.action.INSTALL_PROFILE" />
183-->[androidx.profileinstaller:profileinstaller:1.3.1] AndroidManifest.xml:41:17-91
183-->[androidx.profileinstaller:profileinstaller:1.3.1] AndroidManifest.xml:41:25-88
184            </intent-filter>
185            <intent-filter>
185-->[androidx.profileinstaller:profileinstaller:1.3.1] AndroidManifest.xml:43:13-45:29
186                <action android:name="androidx.profileinstaller.action.SKIP_FILE" />
186-->[androidx.profileinstaller:profileinstaller:1.3.1] AndroidManifest.xml:44:17-85
186-->[androidx.profileinstaller:profileinstaller:1.3.1] AndroidManifest.xml:44:25-82
187            </intent-filter>
188            <intent-filter>
188-->[androidx.profileinstaller:profileinstaller:1.3.1] AndroidManifest.xml:46:13-48:29
189                <action android:name="androidx.profileinstaller.action.SAVE_PROFILE" />
189-->[androidx.profileinstaller:profileinstaller:1.3.1] AndroidManifest.xml:47:17-88
189-->[androidx.profileinstaller:profileinstaller:1.3.1] AndroidManifest.xml:47:25-85
190            </intent-filter>
191            <intent-filter>
191-->[androidx.profileinstaller:profileinstaller:1.3.1] AndroidManifest.xml:49:13-51:29
192                <action android:name="androidx.profileinstaller.action.BENCHMARK_OPERATION" />
192-->[androidx.profileinstaller:profileinstaller:1.3.1] AndroidManifest.xml:50:17-95
192-->[androidx.profileinstaller:profileinstaller:1.3.1] AndroidManifest.xml:50:25-92
193            </intent-filter>
194        </receiver>
195
196        <service
196-->[com.google.android.datatransport:transport-backend-cct:3.1.9] AndroidManifest.xml:28:9-34:19
197            android:name="com.google.android.datatransport.runtime.backends.TransportBackendDiscovery"
197-->[com.google.android.datatransport:transport-backend-cct:3.1.9] AndroidManifest.xml:29:13-103
198            android:exported="false" >
198-->[com.google.android.datatransport:transport-backend-cct:3.1.9] AndroidManifest.xml:30:13-37
199            <meta-data
199-->[com.google.android.datatransport:transport-backend-cct:3.1.9] AndroidManifest.xml:31:13-33:39
200                android:name="backend:com.google.android.datatransport.cct.CctBackendFactory"
200-->[com.google.android.datatransport:transport-backend-cct:3.1.9] AndroidManifest.xml:32:17-94
201                android:value="cct" />
201-->[com.google.android.datatransport:transport-backend-cct:3.1.9] AndroidManifest.xml:33:17-36
202        </service>
203        <service
203-->[com.google.android.datatransport:transport-runtime:3.1.9] AndroidManifest.xml:26:9-30:19
204            android:name="com.google.android.datatransport.runtime.scheduling.jobscheduling.JobInfoSchedulerService"
204-->[com.google.android.datatransport:transport-runtime:3.1.9] AndroidManifest.xml:27:13-117
205            android:exported="false"
205-->[com.google.android.datatransport:transport-runtime:3.1.9] AndroidManifest.xml:28:13-37
206            android:permission="android.permission.BIND_JOB_SERVICE" >
206-->[com.google.android.datatransport:transport-runtime:3.1.9] AndroidManifest.xml:29:13-69
207        </service>
208
209        <receiver
209-->[com.google.android.datatransport:transport-runtime:3.1.9] AndroidManifest.xml:32:9-34:40
210            android:name="com.google.android.datatransport.runtime.scheduling.jobscheduling.AlarmManagerSchedulerBroadcastReceiver"
210-->[com.google.android.datatransport:transport-runtime:3.1.9] AndroidManifest.xml:33:13-132
211            android:exported="false" />
211-->[com.google.android.datatransport:transport-runtime:3.1.9] AndroidManifest.xml:34:13-37
212    </application>
213
214</manifest>